make all --print-data-base --no-builtin-variables --no-builtin-rules --question
# GNU Make 3.81
# Copyright (C) 2006  Free Software Foundation, Inc.
# This is free software; see the source for copying conditions.
# There is NO warranty; not even for MERCHANTABILITY or FITNESS FOR A
# PARTICULAR PURPOSE.

# This program built for i386-apple-darwin11.3.0
 

# Make data base, printed on Fri Nov 26 10:46:11 2021

# Variables

# automatic
<D = $(patsubst %/,%,$(dir $<))
# automatic
?F = $(notdir $?)
# makefile (from `Makefile', line 26)
OBJ = $(SRC:$(SRCDIR)/%$(EXT)=$(OBJDIR)/%.o)
# makefile (from `Makefile', line 25)
SRC = $(wildcard $(SRCDIR)/*$(EXT))
# environment
VSCODE_LOG_NATIVE = false
# automatic
?D = $(patsubst %/,%,$(dir $?))
# automatic
@D = $(patsubst %/,%,$(dir $@))
# makefile (from `Makefile', line 36)
EXE = .exe
# automatic
@F = $(notdir $@)
# makefile
CURDIR := /Users/dave/Code/GitHub/sudoku-noSTL
# makefile
SHELL = /bin/sh
# makefile (from `Makefile', line 30)
RM = rm
# environment
VSCODE_NLS_CONFIG = {"locale":"en-us","availableLanguages":{},"_languagePackSupport":true}
# environment
_ = /usr/bin/make
# makefile (from `dep/noSTLSudoku.d', line 1)
MAKEFILE_LIST :=  Makefile dep/Guess.d dep/PrecisionTimeLapse.d dep/Puzzles.d dep/Sudoku.d dep/noSTLSudoku.d
# makefile (from `Makefile', line 45)
CXXFLAGS = -std=c++11 -Wall -g -DDEBUG 
# environment
VSCODE_VERBOSE_LOGGING = true
# makefile (from `Makefile', line 35)
DEL = del
# environment
VSCODE_IPC_HOOK_EXTHOST = /var/folders/pn/w_xzvtns7rscq2tgdpqfgghm0000gn/T/vscode-ipc-b6d742ec-a4fc-43d3-81cb-7b0adfe7ebe4.sock
# environment
VSCODE_CWD = /
# environment
Apple_PubSub_Socket_Render = /private/tmp/com.apple.launchd.pzTwLKZBJR/Render
# environment
PATH = /opt/local/libexec/llvm-10/bin:/opt/local/bin:/usr/local/bin:/usr/local/astrometry/bin:/usr/bin:/bin:/usr/sbin:/sbin:/usr/local/bin
# makefile (from `Makefile', line 27)
DEP = $(OBJ:$(OBJDIR)/%.o=$(DEPDIR)/%.d)
# environment
VSCODE_LOG_STACK = false
# environment
ELECTRON_RUN_AS_NODE = 1
# makefile (from `Makefile', line 15)
LDFLAGS = -lstdc++
# default
.FEATURES := target-specific order-only second-expansion else-if archives jobserver check-symlink
# environment
SSH_AUTH_SOCK = /private/tmp/com.apple.launchd.kxceMIwkLV/Listeners
# makefile (from `Makefile', line 20)
SRCDIR = src
# automatic
%F = $(notdir $%)
# environment
VSCODE_PIPE_LOGGING = true
# environment
PWD = /Users/dave/Code/GitHub/sudoku-noSTL
# environment
ORIGINAL_XDG_CURRENT_DESKTOP = undefined
# environment
VSCODE_AMD_ENTRYPOINT = vs/workbench/services/extensions/node/extensionHostProcess
# environment
HOME = /Users/dave
# default
MAKEFILEPATH := /Applications/Xcode.app/Contents/Developer/Makefiles
# environment
VSCODE_CODE_CACHE_PATH = /Users/dave/Library/Application Support/Code/CachedData/ccbaa2d27e38e5afa3e5c21c1c7bef4657064247
# environment
LOGNAME = dave
# environment
APPLICATION_INSIGHTS_NO_DIAGNOSTIC_CHANNEL = true
# makefile (from `Makefile', line 31)
DELOBJ = $(OBJ)
# environment
VSCODE_HANDLES_UNCAUGHT_ERRORS = true
# automatic
^D = $(patsubst %/,%,$(dir $^))
# environment
XPC_FLAGS = 0x0
# default
MAKE = $(MAKE_COMMAND)
# default
MAKECMDGOALS := all
# environment
SHLVL = 2
# makefile (from `Makefile', line 32)
DELDEP = $(DEP) 
# makefile (from `Makefile', line 11)
CC = clang
# default
MAKE_VERSION := 3.81
# environment
USER = dave
# makefile
.DEFAULT_GOAL := all
# makefile (from `Makefile', line 46)
CCFLAGS = -std=c++11 -Wall -g -DDEBUG 
# automatic
%D = $(patsubst %/,%,$(dir $%))
# default
MAKE_COMMAND := /Applications/Xcode.app/Contents/Developer/usr/bin/make
# default
.VARIABLES := 
# environment
TMPDIR = /var/folders/pn/w_xzvtns7rscq2tgdpqfgghm0000gn/T/
# automatic
*F = $(notdir $*)
# environment
VSCODE_IPC_HOOK = /Users/dave/Library/Application Support/Code/1.62.3-main.sock
# makefile (from `Makefile', line 19)
EXT = .cpp
# makefile
MAKEFLAGS = Rrqp
# environment
MFLAGS = -Rrqp
# automatic
*D = $(patsubst %/,%,$(dir $*))
 
# environment
XPC_SERVICE_NAME = com.microsoft.VSCode.153952
# automatic
+D = $(patsubst %/,%,$(dir $+))
# automatic
+F = $(notdir $+)
# makefile (from `Makefile', line 18)
APPNAME = sudoku
# environment
__CF_USER_TEXT_ENCODING = 0x1F5:0x0:0x0
# default
MAKEFILES := 
# makefile (from `Makefile', line 22)
DEPDIR = dep
# automatic
<F = $(notdir $<)
# makefile (from `Makefile', line 21)
OBJDIR = obj
# makefile (from `Makefile', line 12)
CXX = clang++
# environment
LC_ALL = C
# makefile (from `Makefile', line 37)
WDELOBJ = $(SRC:$(SRCDIR)/%$(EXT)=$(OBJDIR)\\%.o)
# automatic
^F = $(notdir $^)
# default
SUFFIXES := 
# default
.INCLUDE_DIRS = /usr/include /usr/local/include /usr/include
# makefile (from `Makefile', line 38)
WDELDEP = $(SRC:$(SRCDIR)/%$(EXT)=$(DEPDIR)\\%.d) 
# environment
MAKELEVEL := 0
# environment
LANG = C
# environment
VSCODE_PID = 1290
# variable set hash-table stats:
# Load=81/1024=8%, Rehash=0, Collisions=4/150=3%

# Pattern-specific Variable Values

# No pattern-specific variable values.

# Directories

# . (device 16777217, inode 5271753): 15 files, no impossibilities.
# src (device 16777217, inode 5319843): 14 files, no impossibilities.

# 29 files, no impossibilities in 2 directories.

# Implicit Rules

dep/%.d: src/%.cpp
#  commands to execute (from `Makefile', line 61):
	@mkdir -p $(@D)
	@$(CXX) $(CFLAGS) $< -MM -MT $(@:$(DEPDIR)/%.d=$(OBJDIR)/%.o) >$@
	

obj/%.o: src/%.cpp
#  commands to execute (from `Makefile', line 69):
	@mkdir -p $(@D)	
	$(CXX) $(CXXFLAGS) -o $@ -c $<
	

# 2 implicit rules, 0 (0.0%) terminal.

# Files

obj/noSTLSudoku.o: src/noSTLSudoku.cpp src/Puzzles.h src/Sudoku.h src/SudokuTypes.h src/Guess.h src/PrecisionTimeLapse.h
#  Implicit rule search has been done.
#  Implicit/static pattern stem: `noSTLSudoku'
#  Last modified 2021-11-26 10:38:04
#  File has been updated.
#  Needs to be updated (-q is set).
# automatic
# @ := obj/noSTLSudoku.o
# automatic
# % := 
# automatic
# * := noSTLSudoku
# automatic
# + := src/noSTLSudoku.cpp src/noSTLSudoku.cpp src/Puzzles.h src/Sudoku.h src/SudokuTypes.h src/Guess.h src/PrecisionTimeLapse.h
# automatic
# | := 
# automatic
# < := src/noSTLSudoku.cpp
# automatic
# ^ := src/noSTLSudoku.cpp src/Puzzles.h src/Sudoku.h src/SudokuTypes.h src/Guess.h src/PrecisionTimeLapse.h
# automatic
# ? := src/noSTLSudoku.cpp
# variable set hash-table stats:
# Load=8/32=25%, Rehash=0, Collisions=1/16=6%
#  commands to execute (from `Makefile', line 69):
	@mkdir -p $(@D)	
	$(CXX) $(CXXFLAGS) -o $@ -c $<
	

# Not a target:
src/Sudoku.h:
#  Implicit rule search has been done.
#  Last modified 2021-11-22 18:38:05
#  File has been updated.
#  Successfully updated.
# variable set hash-table stats:
# Load=0/32=0%, Rehash=0, Collisions=0/0=0%

all: sudoku
#  Command-line target.
#  Implicit rule search has been done.
#  File does not exist.
#  File has been updated.
#  Needs to be updated (-q is set).
# variable set hash-table stats:
# Load=0/32=0%, Rehash=0, Collisions=0/5=0%

.PHONY: clean cleandep cleanw cleandepw
#  Implicit rule search has not been done.
#  Modification time never checked.
#  File has not been updated.

# Not a target:
src/Sudoku.cpp:
#  Implicit rule search has been done.
#  Last modified 2021-11-22 18:54:06
#  File has been updated.
#  Successfully updated.
# variable set hash-table stats:
# Load=0/32=0%, Rehash=0, Collisions=0/0=0%

dep/Sudoku.d: src/Sudoku.cpp
#  A default, MAKEFILES, or -include/sinclude makefile.
#  Implicit rule search has been done.
#  Implicit/static pattern stem: `Sudoku'
#  Last modified 2021-11-26 10:46:11
#  File has been updated.
#  Successfully updated.
# variable set hash-table stats:
# Load=0/32=0%, Rehash=0, Collisions=0/0=0%
#  commands to execute (from `Makefile', line 61):
	@mkdir -p $(@D)
	@$(CXX) $(CFLAGS) $< -MM -MT $(@:$(DEPDIR)/%.d=$(OBJDIR)/%.o) >$@
	

obj/Puzzles.o: src/Puzzles.cpp src/Puzzles.cpp src/Puzzles.h src/Sudoku.h src/SudokuTypes.h src/Guess.h src/PrecisionTimeLapse.h
#  Implicit rule search has been done.
#  Implicit/static pattern stem: `Puzzles'
#  Last modified 2021-11-26 10:38:00
#  File has been updated.
#  Successfully updated.
# variable set hash-table stats:
# Load=0/32=0%, Rehash=0, Collisions=0/0=0%
#  commands to execute (from `Makefile', line 69):
	@mkdir -p $(@D)	
	$(CXX) $(CXXFLAGS) -o $@ -c $<
	

# Not a target:
.SUFFIXES:
#  Implicit rule search has not been done.
#  Modification time never checked.
#  File has not been updated.

# Not a target:
Makefile:
#  Implicit rule search has been done.
#  Last modified 2021-11-22 16:48:46
#  File has been updated.
#  Successfully updated.
# variable set hash-table stats:
# Load=0/32=0%, Rehash=0, Collisions=0/0=0%

# Not a target:
src/PrecisionTimeLapse.h:
#  Implicit rule search has been done.
#  Last modified 2021-11-19 18:37:04
#  File has been updated.
#  Successfully updated.
# variable set hash-table stats:
# Load=0/32=0%, Rehash=0, Collisions=0/0=0%

# Not a target:
src/SudokuTypes.h:
#  Implicit rule search has been done.
#  Last modified 2021-11-26 10:37:47
#  File has been updated.
#  Successfully updated.
# variable set hash-table stats:
# Load=0/32=0%, Rehash=0, Collisions=0/0=0%

# Not a target:
src/Guess.h:
#  Implicit rule search has been done.
#  Last modified 2021-11-19 18:37:04
#  File has been updated.
#  Successfully updated.
# variable set hash-table stats:
# Load=0/32=0%, Rehash=0, Collisions=0/0=0%

# Not a target:
src/PrecisionTimeLapse.cpp:
#  Implicit rule search has been done.
#  Last modified 2021-11-19 18:37:04
#  File has been updated.
#  Successfully updated.
# variable set hash-table stats:
# Load=0/32=0%, Rehash=0, Collisions=0/0=0%

dep/PrecisionTimeLapse.d: src/PrecisionTimeLapse.cpp
#  A default, MAKEFILES, or -include/sinclude makefile.
#  Implicit rule search has been done.
#  Implicit/static pattern stem: `PrecisionTimeLapse'
#  Last modified 2021-11-26 10:46:11
#  File has been updated.
#  Successfully updated.
# variable set hash-table stats:
# Load=0/32=0%, Rehash=0, Collisions=0/0=0%
#  commands to execute (from `Makefile', line 61):
	@mkdir -p $(@D)
	@$(CXX) $(CFLAGS) $< -MM -MT $(@:$(DEPDIR)/%.d=$(OBJDIR)/%.o) >$@
	

cleanw:
#  Phony target (prerequisite of .PHONY).
#  Implicit rule search has not been done.
#  File does not exist.
#  File has not been updated.
#  commands to execute (from `Makefile', line 87):
	$(DEL) $(WDELOBJ) $(DEP) $(APPNAME)$(EXE)
	

# Not a target:
src/Guess.cpp:
#  Implicit rule search has been done.
#  Last modified 2021-11-19 18:37:04
#  File has been updated.
#  Successfully updated.
# variable set hash-table stats:
# Load=0/32=0%, Rehash=0, Collisions=0/0=0%

dep/Guess.d: src/Guess.cpp
#  A default, MAKEFILES, or -include/sinclude makefile.
#  Implicit rule search has been done.
#  Implicit/static pattern stem: `Guess'
#  Last modified 2021-11-26 10:46:11
#  File has been updated.
#  Successfully updated.
# variable set hash-table stats:
# Load=0/32=0%, Rehash=0, Collisions=0/0=0%
#  commands to execute (from `Makefile', line 61):
	@mkdir -p $(@D)
	@$(CXX) $(CFLAGS) $< -MM -MT $(@:$(DEPDIR)/%.d=$(OBJDIR)/%.o) >$@
	

# Not a target:
src/noSTLSudoku.cpp:
#  Implicit rule search has been done.
#  Last modified 2021-11-26 10:39:52
#  File has been updated.
#  Successfully updated.
# variable set hash-table stats:
# Load=0/32=0%, Rehash=0, Collisions=0/0=0%

dep/noSTLSudoku.d: src/noSTLSudoku.cpp
#  A default, MAKEFILES, or -include/sinclude makefile.
#  Implicit rule search has been done.
#  Implicit/static pattern stem: `noSTLSudoku'
#  Last modified 2021-11-26 10:46:10
#  File has been updated.
#  Successfully updated.
# variable set hash-table stats:
# Load=0/32=0%, Rehash=0, Collisions=0/0=0%
#  commands to execute (from `Makefile', line 61):
	@mkdir -p $(@D)
	@$(CXX) $(CFLAGS) $< -MM -MT $(@:$(DEPDIR)/%.d=$(OBJDIR)/%.o) >$@
	

# Not a target:
.DEFAULT:
#  Implicit rule search has not been done.
#  Modification time never checked.
#  File has not been updated.

cleandep:
#  Phony target (prerequisite of .PHONY).
#  Implicit rule search has not been done.
#  File does not exist.
#  File has not been updated.
#  commands to execute (from `Makefile', line 81):
	$(RM) $(DEP)
	

 
cleandepw:
#  Phony target (prerequisite of .PHONY).
#  Implicit rule search has not been done.
#  File does not exist.
#  File has not been updated.
#  commands to execute (from `Makefile', line 92):
	$(DEL) $(DEP)
	

# Not a target:
src/Puzzles.h:
#  Implicit rule search has been done.
#  Last modified 2021-11-22 16:48:46
#  File has been updated.
#  Successfully updated.
# variable set hash-table stats:
# Load=0/32=0%, Rehash=0, Collisions=0/0=0%

obj/Sudoku.o: src/Sudoku.cpp src/Sudoku.cpp src/Sudoku.h src/SudokuTypes.h src/Guess.h
#  Implicit rule search has been done.
#  Implicit/static pattern stem: `Sudoku'
#  Last modified 2021-11-26 10:38:02
#  File has been updated.
#  Successfully updated.
# variable set hash-table stats:
# Load=0/32=0%, Rehash=0, Collisions=0/0=0%
#  commands to execute (from `Makefile', line 69):
	@mkdir -p $(@D)	
	$(CXX) $(CXXFLAGS) -o $@ -c $<
	

clean:
#  Phony target (prerequisite of .PHONY).
#  Implicit rule search has not been done.
#  File does not exist.
#  File has not been updated.
#  commands to execute (from `Makefile', line 76):
	$(RM) $(DELOBJ) $(DEP) $(APPNAME)
	

# Not a target:
src/Puzzles.cpp:
#  Implicit rule search has been done.
#  Last modified 2021-11-22 16:48:46
#  File has been updated.
#  Successfully updated.
# variable set hash-table stats:
# Load=0/32=0%, Rehash=0, Collisions=0/0=0%

dep/Puzzles.d: src/Puzzles.cpp
#  A default, MAKEFILES, or -include/sinclude makefile.
#  Implicit rule search has been done.
#  Implicit/static pattern stem: `Puzzles'
#  Last modified 2021-11-26 10:46:11
#  File has been updated.
#  Successfully updated.
# variable set hash-table stats:
# Load=0/32=0%, Rehash=0, Collisions=0/0=0%
#  commands to execute (from `Makefile', line 61):
	@mkdir -p $(@D)
	@$(CXX) $(CFLAGS) $< -MM -MT $(@:$(DEPDIR)/%.d=$(OBJDIR)/%.o) >$@
	

sudoku: obj/Guess.o obj/PrecisionTimeLapse.o obj/Puzzles.o obj/Sudoku.o obj/noSTLSudoku.o
#  Implicit rule search has not been done.
#  Last modified 2021-11-26 10:38:04
#  File has been updated.
#  Needs to be updated (-q is set).
# variable set hash-table stats:
# Load=0/32=0%, Rehash=0, Collisions=0/5=0%
#  commands to execute (from `Makefile', line 57):
	$(CXX) $(CXXFLAGS) -o $@ $^ $(LDFLAGS)
	

obj/PrecisionTimeLapse.o: src/PrecisionTimeLapse.cpp src/PrecisionTimeLapse.cpp src/PrecisionTimeLapse.h
#  Implicit rule search has been done.
#  Implicit/static pattern stem: `PrecisionTimeLapse'
#  Last modified 2021-11-23 16:05:02
#  File has been updated.
#  Successfully updated.
# variable set hash-table stats:
# Load=0/32=0%, Rehash=0, Collisions=0/0=0%
#  commands to execute (from `Makefile', line 69):
	@mkdir -p $(@D)	
	$(CXX) $(CXXFLAGS) -o $@ -c $<
	

obj/Guess.o: src/Guess.cpp src/Guess.cpp src/Guess.h src/SudokuTypes.h src/Sudoku.h
#  Implicit rule search has been done.
#  Implicit/static pattern stem: `Guess'
#  Last modified 2021-11-26 10:37:59
#  File has been updated.
#  Successfully updated.
# variable set hash-table stats:
# Load=0/32=0%, Rehash=0, Collisions=0/0=0%
#  commands to execute (from `Makefile', line 69):
	@mkdir -p $(@D)	
	$(CXX) $(CXXFLAGS) -o $@ -c $<
	

# files hash-table stats:
# Load=30/1024=3%, Rehash=0, Collisions=1/108=1%
# VPATH Search Paths

# No `vpath' search paths.

# No general (`VPATH' variable) search path.

# # of strings in strcache: 6
# # of strcache buffers: 1
# strcache size: total = 4096 / max = 4096 / min = 4096 / avg = 4096
# strcache free: total = 4005 / max = 4005 / min = 4005 / avg = 4005

# Finished Make data base on Fri Nov 26 10:46:11 2021

 
